<?xml version="1.0" encoding="UTF-8"?>
<!-- Generated by org.testng.reporters.JUnitXMLReporter -->
<testsuite ignored="0" hostname="DESKTOP-8JP43KG" failures="0" tests="4" name="Default test" time="3.741" errors="0" timestamp="2024-11-03T00:45:54 IST">
  <testcase classname="api.test.weatherTest" name="testReadAdmin" time="2.255"/>
  <testcase classname="api.test.weatherTest" name="testCountryUnauth" time="0.473"/>
  <testcase classname="api.test.weatherTest" name="testCountry" time="0.452"/>
  <testcase classname="api.test.weatherTest" name="testOneDayWeather" time="0.502"/>
</testsuite> <!-- Default test -->
