<?xml version="1.0" encoding="UTF-8"?>
<testng-results ignored="0" total="4" passed="4" failed="0" skipped="0">
  <reporter-output>
  </reporter-output>
  <suite started-at="2024-11-03T00:45:50 IST" name="Default suite" finished-at="2024-11-03T00:45:54 IST" duration-ms="3741">
    <groups>
    </groups>
    <test started-at="2024-11-03T00:45:50 IST" name="Default test" finished-at="2024-11-03T00:45:54 IST" duration-ms="3741">
      <class name="api.test.weatherTest">
        <test-method is-config="true" signature="setData()[pri:0, instance:api.test.weatherTest@306e95ec]" started-at="2024-11-03T00:45:50 IST" name="setData" finished-at="2024-11-03T00:45:50 IST" duration-ms="8" status="PASS">
          <reporter-output>
          </reporter-output>
        </test-method> <!-- setData -->
        <test-method signature="testReadAdmin()[pri:1, instance:api.test.weatherTest@306e95ec]" started-at="2024-11-03T00:45:51 IST" name="testReadAdmin" finished-at="2024-11-03T00:45:53 IST" duration-ms="2255" status="PASS">
          <reporter-output>
          </reporter-output>
        </test-method> <!-- testReadAdmin -->
        <test-method signature="testCountryUnauth()[pri:2, instance:api.test.weatherTest@306e95ec]" started-at="2024-11-03T00:45:53 IST" name="testCountryUnauth" finished-at="2024-11-03T00:45:53 IST" duration-ms="473" status="PASS">
          <reporter-output>
          </reporter-output>
        </test-method> <!-- testCountryUnauth -->
        <test-method signature="testCountry()[pri:3, instance:api.test.weatherTest@306e95ec]" started-at="2024-11-03T00:45:53 IST" name="testCountry" finished-at="2024-11-03T00:45:54 IST" duration-ms="452" status="PASS">
          <reporter-output>
          </reporter-output>
        </test-method> <!-- testCountry -->
        <test-method signature="testOneDayWeather()[pri:4, instance:api.test.weatherTest@306e95ec]" started-at="2024-11-03T00:45:54 IST" name="testOneDayWeather" finished-at="2024-11-03T00:45:54 IST" duration-ms="502" status="PASS">
          <reporter-output>
          </reporter-output>
        </test-method> <!-- testOneDayWeather -->
      </class> <!-- api.test.weatherTest -->
    </test> <!-- Default test -->
  </suite> <!-- Default suite -->
</testng-results>
